<?xml version="1.0" encoding="UTF-8"?>
<!-- Generated by org.testng.reporters.JUnitReportReporter -->
<testsuite hostname="USHYDSUBASHIS6" failures="0" tests="2" name="pkgTestNG.FluroscentAppAutomation" time="0.008" errors="0" timestamp="2024-01-03T12:00:01 IST" skipped="0">
  <testcase classname="pkgTestNG.FluroscentAppAutomation" name="test1" time="0.001"/>
  <system-out/>
  <testcase classname="pkgTestNG.FluroscentAppAutomation" name="test1" time="0.007"/>
  <system-out/>
</testsuite> <!-- pkgTestNG.FluroscentAppAutomation -->
